#
# A fatal error has been detected by the Java Runtime Environment:
#
#  Internal Error (./open/src/hotspot/share/interpreter/oopMapCache.cpp:111), pid=12312, tid=13552
#  Error: ShouldNotReachHere()
#
# JRE version: OpenJDK Runtime Environment (15.0.2+7) (build 15.0.2+7-27)
# Java VM: OpenJDK 64-Bit Server VM (15.0.2+7-27, mixed mode, tiered, compressed oops, g1 gc, windows-amd64)
# No core dump will be written. Minidumps are not enabled by default on client versions of Windows
#
# If you would like to submit a bug report, please visit:
#   https://bugreport.java.com/bugreport/crash.jsp
#

---------------  S U M M A R Y ------------

Command Line: -XX:+ShowCodeDetailsInExceptionMessages -agentlib:jdwp=transport=dt_socket,suspend=y,address=localhost:64356 -Xss16m -ea -javaagent:C:\Users\patel\eclipse\java-2020-122\eclipse\configuration\org.eclipse.osgi\220\0\.cp\lib\javaagent-shaded.jar -Dfile.encoding=Cp1252 org.eclipse.jdt.internal.junit.runner.RemoteTestRunner -version 3 -port 64355 -testLoaderClass org.eclipse.jdt.internal.junit5.runner.JUnit5TestLoader -loaderpluginname org.eclipse.jdt.junit5.runtime -classNames trigonometry.TrigonometryJunit

Host: 11th Gen Intel(R) Core(TM) i5-1135G7 @ 2.40GHz, 8 cores, 7G,  Windows 10 , 64 bit Build 19041 (10.0.19041.804)
Time: Mon Mar 15 10:55:31 2021 Eastern Daylight Time elapsed time: 1721.684807 seconds (0d 0h 28m 41s)

---------------  T H R E A D  ---------------

Current thread (0x000001fd35d64230):  JavaThread "JDWP Transport Listener: dt_socket" daemon [_thread_in_vm, id=13552, stack(0x0000006605000000,0x0000006606000000)] _threads_hazard_ptr=0x000001fd36a4c3a0

Stack: [0x0000006605000000,0x0000006606000000]
Native frames: (J=compiled Java code, j=interpreted, Vv=VM code, C=native code)
V  [jvm.dll+0x62ae9a]
V  [jvm.dll+0x7817a9]
V  [jvm.dll+0x782f03]
V  [jvm.dll+0x783517]
V  [jvm.dll+0x21628c]
V  [jvm.dll+0x2161d3]
V  [jvm.dll+0x619eea]
V  [jvm.dll+0x619ba3]
V  [jvm.dll+0x5df278]
V  [jvm.dll+0x77876f]
V  [jvm.dll+0x4f02e1]
V  [jvm.dll+0x7882b5]
V  [jvm.dll+0x4d40ea]
V  [jvm.dll+0x49526b]
C  [jdwp.dll+0x796b]


---------------  P R O C E S S  ---------------

Threads class SMR info:
_java_thread_list=0x000001fd36a4c3a0, length=15, elements={
0x000001fd1b1146f0, 0x000001fd35254040, 0x000001fd352550a0, 0x000001fd35a9e010,
0x000001fd35a9e8d0, 0x000001fd35a9f190, 0x000001fd35aa2360, 0x000001fd35aa3730,
0x000001fd35aa7190, 0x000001fd351d6710, 0x000001fd35d64230, 0x000001fd35e41820,
0x000001fd35e42310, 0x000001fd36395d10, 0x000001fd364c7680
}

Java Threads: ( => current thread )
  0x000001fd1b1146f0 JavaThread "main" [_thread_blocked, id=6768, stack(0x000000667c200000,0x000000667d200000)]
  0x000001fd35254040 JavaThread "Reference Handler" daemon [_thread_blocked, id=14136, stack(0x000000667d800000,0x000000667e800000)]
  0x000001fd352550a0 JavaThread "Finalizer" daemon [_thread_blocked, id=19832, stack(0x000000667e800000,0x000000667f800000)]
  0x000001fd35a9e010 JavaThread "Signal Dispatcher" daemon [_thread_blocked, id=17484, stack(0x0000006600000000,0x0000006601000000)]
  0x000001fd35a9e8d0 JavaThread "Attach Listener" daemon [_thread_blocked, id=15112, stack(0x0000006601000000,0x0000006602000000)]
  0x000001fd35a9f190 JavaThread "Service Thread" daemon [_thread_blocked, id=13904, stack(0x0000006602000000,0x0000006603000000)]
  0x000001fd35aa2360 JavaThread "C2 CompilerThread0" daemon [_thread_blocked, id=16444, stack(0x000000667f800000,0x000000667f900000)]
  0x000001fd35aa3730 JavaThread "C1 CompilerThread0" daemon [_thread_blocked, id=15300, stack(0x000000667f900000,0x000000667fa00000)]
  0x000001fd35aa7190 JavaThread "Sweeper thread" daemon [_thread_blocked, id=20136, stack(0x0000006603000000,0x0000006604000000)]
  0x000001fd351d6710 JavaThread "Common-Cleaner" daemon [_thread_blocked, id=12732, stack(0x0000006604000000,0x0000006605000000)]
=>0x000001fd35d64230 JavaThread "JDWP Transport Listener: dt_socket" daemon [_thread_in_vm, id=13552, stack(0x0000006605000000,0x0000006606000000)] _threads_hazard_ptr=0x000001fd36a4c3a0
  0x000001fd35e41820 JavaThread "JDWP Event Helper Thread" daemon [_thread_blocked, id=17580, stack(0x0000006606000000,0x0000006607000000)]
  0x000001fd35e42310 JavaThread "JDWP Command Reader" daemon [_thread_in_native, id=6584, stack(0x0000006607000000,0x0000006608000000)]
  0x000001fd36395d10 JavaThread "Notification Thread" daemon [_thread_blocked, id=12168, stack(0x0000006608000000,0x0000006609000000)]
  0x000001fd364c7680 JavaThread "ReaderThread" [_thread_in_native, id=13636, stack(0x0000006609000000,0x000000660a000000)]

Other Threads:
  0x000001fd3523bbb0 VMThread "VM Thread" [stack: 0x000000667d700000,0x000000667d800000] [id=19836]
  0x000001fd1b115690 WatcherThread [stack: 0x000000667fb00000,0x000000667fc00000] [id=7192]
  0x000001fd1b154f10 GCTaskThread "GC Thread#0" [stack: 0x000000667d200000,0x000000667d300000] [id=16988]
  0x000001fd35cf7fb0 GCTaskThread "GC Thread#1" [stack: 0x000000667fc00000,0x000000667fd00000] [id=15968]
  0x000001fd35cfb2b0 GCTaskThread "GC Thread#2" [stack: 0x000000667fd00000,0x000000667fe00000] [id=1352]
  0x000001fd35cfa2c0 GCTaskThread "GC Thread#3" [stack: 0x000000667fe00000,0x000000667ff00000] [id=12248]
  0x000001fd1b166fa0 ConcurrentGCThread "G1 Main Marker" [stack: 0x000000667d300000,0x000000667d400000] [id=20028]
  0x000001fd1b167aa0 ConcurrentGCThread "G1 Conc#0" [stack: 0x000000667d400000,0x000000667d500000] [id=16812]
  0x000001fd1b1e0e10 ConcurrentGCThread "G1 Refine#0" [stack: 0x000000667d500000,0x000000667d600000] [id=19244]
  0x000001fd1b1e2570 ConcurrentGCThread "G1 Young RemSet Sampling" [stack: 0x000000667d600000,0x000000667d700000] [id=15472]

Threads with active compile tasks:

VM state: not at safepoint (normal execution)

VM Mutex/Monitor currently owned by a thread: None

Heap address: 0x0000000084400000, size: 1980 MB, Compressed Oops mode: 32-bit
CDS disabled.
Compressed class space mapped at: 0x0000000100000000-0x0000000140000000, size: 1073741824
Narrow klass base: 0x0000000000000000, Narrow klass shift: 3, Narrow klass range: 0x140000000

GC Precious Log:
 CPUs: 8 total, 8 available
 Memory: 7914M
 Large Page Support: Disabled
 NUMA Support: Disabled
 Compressed Oops: Enabled (32-bit)
 Heap Region Size: 1M
 Heap Min Capacity: 8M
 Heap Initial Capacity: 124M
 Heap Max Capacity: 1980M
 Pre-touch: Disabled
 Parallel Workers: 8
 Concurrent Workers: 2
 Concurrent Refinement Workers: 8
 Periodic GC: Disabled

Heap:
 garbage-first heap   total 126976K, used 20049K [0x0000000084400000, 0x0000000100000000)
  region size 1024K, 21 young (21504K), 3 survivors (3072K)
 Metaspace       used 14877K, capacity 15056K, committed 15104K, reserved 1062912K
  class space    used 1455K, capacity 1534K, committed 1536K, reserved 1048576K

Heap Regions: E=young(eden), S=young(survivor), O=old, HS=humongous(starts), HC=humongous(continues), CS=collection set, F=free, OA=open archive, CA=closed archive, TAMS=top-at-mark-start (previous, next)
|   0|0x0000000084400000, 0x0000000084400000, 0x0000000084500000|  0%| F|  |TAMS 0x0000000084400000, 0x0000000084400000| Untracked 
|   1|0x0000000084500000, 0x0000000084500000, 0x0000000084600000|  0%| F|  |TAMS 0x0000000084500000, 0x0000000084500000| Untracked 
|   2|0x0000000084600000, 0x0000000084600000, 0x0000000084700000|  0%| F|  |TAMS 0x0000000084600000, 0x0000000084600000| Untracked 
|   3|0x0000000084700000, 0x0000000084700000, 0x0000000084800000|  0%| F|  |TAMS 0x0000000084700000, 0x0000000084700000| Untracked 
|   4|0x0000000084800000, 0x0000000084800000, 0x0000000084900000|  0%| F|  |TAMS 0x0000000084800000, 0x0000000084800000| Untracked 
|   5|0x0000000084900000, 0x0000000084900000, 0x0000000084a00000|  0%| F|  |TAMS 0x0000000084900000, 0x0000000084900000| Untracked 
|   6|0x0000000084a00000, 0x0000000084a00000, 0x0000000084b00000|  0%| F|  |TAMS 0x0000000084a00000, 0x0000000084a00000| Untracked 
|   7|0x0000000084b00000, 0x0000000084b00000, 0x0000000084c00000|  0%| F|  |TAMS 0x0000000084b00000, 0x0000000084b00000| Untracked 
|   8|0x0000000084c00000, 0x0000000084c00000, 0x0000000084d00000|  0%| F|  |TAMS 0x0000000084c00000, 0x0000000084c00000| Untracked 
|   9|0x0000000084d00000, 0x0000000084d00000, 0x0000000084e00000|  0%| F|  |TAMS 0x0000000084d00000, 0x0000000084d00000| Untracked 
|  10|0x0000000084e00000, 0x0000000084e00000, 0x0000000084f00000|  0%| F|  |TAMS 0x0000000084e00000, 0x0000000084e00000| Untracked 
|  11|0x0000000084f00000, 0x0000000084f00000, 0x0000000085000000|  0%| F|  |TAMS 0x0000000084f00000, 0x0000000084f00000| Untracked 
|  12|0x0000000085000000, 0x0000000085000000, 0x0000000085100000|  0%| F|  |TAMS 0x0000000085000000, 0x0000000085000000| Untracked 
|  13|0x0000000085100000, 0x0000000085100000, 0x0000000085200000|  0%| F|  |TAMS 0x0000000085100000, 0x0000000085100000| Untracked 
|  14|0x0000000085200000, 0x0000000085200000, 0x0000000085300000|  0%| F|  |TAMS 0x0000000085200000, 0x0000000085200000| Untracked 
|  15|0x0000000085300000, 0x0000000085300000, 0x0000000085400000|  0%| F|  |TAMS 0x0000000085300000, 0x0000000085300000| Untracked 
|  16|0x0000000085400000, 0x0000000085400000, 0x0000000085500000|  0%| F|  |TAMS 0x0000000085400000, 0x0000000085400000| Untracked 
|  17|0x0000000085500000, 0x0000000085500000, 0x0000000085600000|  0%| F|  |TAMS 0x0000000085500000, 0x0000000085500000| Untracked 
|  18|0x0000000085600000, 0x0000000085600000, 0x0000000085700000|  0%| F|  |TAMS 0x0000000085600000, 0x0000000085600000| Untracked 
|  19|0x0000000085700000, 0x0000000085700000, 0x0000000085800000|  0%| F|  |TAMS 0x0000000085700000, 0x0000000085700000| Untracked 
|  20|0x0000000085800000, 0x0000000085800000, 0x0000000085900000|  0%| F|  |TAMS 0x0000000085800000, 0x0000000085800000| Untracked 
|  21|0x0000000085900000, 0x0000000085900000, 0x0000000085a00000|  0%| F|  |TAMS 0x0000000085900000, 0x0000000085900000| Untracked 
|  22|0x0000000085a00000, 0x0000000085a00000, 0x0000000085b00000|  0%| F|  |TAMS 0x0000000085a00000, 0x0000000085a00000| Untracked 
|  23|0x0000000085b00000, 0x0000000085b00000, 0x0000000085c00000|  0%| F|  |TAMS 0x0000000085b00000, 0x0000000085b00000| Untracked 
|  24|0x0000000085c00000, 0x0000000085c00000, 0x0000000085d00000|  0%| F|  |TAMS 0x0000000085c00000, 0x0000000085c00000| Untracked 
|  25|0x0000000085d00000, 0x0000000085d00000, 0x0000000085e00000|  0%| F|  |TAMS 0x0000000085d00000, 0x0000000085d00000| Untracked 
|  26|0x0000000085e00000, 0x0000000085e00000, 0x0000000085f00000|  0%| F|  |TAMS 0x0000000085e00000, 0x0000000085e00000| Untracked 
|  27|0x0000000085f00000, 0x0000000085f00000, 0x0000000086000000|  0%| F|  |TAMS 0x0000000085f00000, 0x0000000085f00000| Untracked 
|  28|0x0000000086000000, 0x0000000086000000, 0x0000000086100000|  0%| F|  |TAMS 0x0000000086000000, 0x0000000086000000| Untracked 
|  29|0x0000000086100000, 0x0000000086100000, 0x0000000086200000|  0%| F|  |TAMS 0x0000000086100000, 0x0000000086100000| Untracked 
|  30|0x0000000086200000, 0x0000000086200000, 0x0000000086300000|  0%| F|  |TAMS 0x0000000086200000, 0x0000000086200000| Untracked 
|  31|0x0000000086300000, 0x0000000086300000, 0x0000000086400000|  0%| F|  |TAMS 0x0000000086300000, 0x0000000086300000| Untracked 
|  32|0x0000000086400000, 0x0000000086400000, 0x0000000086500000|  0%| F|  |TAMS 0x0000000086400000, 0x0000000086400000| Untracked 
|  33|0x0000000086500000, 0x0000000086500000, 0x0000000086600000|  0%| F|  |TAMS 0x0000000086500000, 0x0000000086500000| Untracked 
|  34|0x0000000086600000, 0x0000000086600000, 0x0000000086700000|  0%| F|  |TAMS 0x0000000086600000, 0x0000000086600000| Untracked 
|  35|0x0000000086700000, 0x0000000086700000, 0x0000000086800000|  0%| F|  |TAMS 0x0000000086700000, 0x0000000086700000| Untracked 
|  36|0x0000000086800000, 0x0000000086800000, 0x0000000086900000|  0%| F|  |TAMS 0x0000000086800000, 0x0000000086800000| Untracked 
|  37|0x0000000086900000, 0x0000000086900000, 0x0000000086a00000|  0%| F|  |TAMS 0x0000000086900000, 0x0000000086900000| Untracked 
|  38|0x0000000086a00000, 0x0000000086a00000, 0x0000000086b00000|  0%| F|  |TAMS 0x0000000086a00000, 0x0000000086a00000| Untracked 
|  39|0x0000000086b00000, 0x0000000086b00000, 0x0000000086c00000|  0%| F|  |TAMS 0x0000000086b00000, 0x0000000086b00000| Untracked 
|  40|0x0000000086c00000, 0x0000000086c00000, 0x0000000086d00000|  0%| F|  |TAMS 0x0000000086c00000, 0x0000000086c00000| Untracked 
|  41|0x0000000086d00000, 0x0000000086d00000, 0x0000000086e00000|  0%| F|  |TAMS 0x0000000086d00000, 0x0000000086d00000| Untracked 
|  42|0x0000000086e00000, 0x0000000086e00000, 0x0000000086f00000|  0%| F|  |TAMS 0x0000000086e00000, 0x0000000086e00000| Untracked 
|  43|0x0000000086f00000, 0x0000000086f00000, 0x0000000087000000|  0%| F|  |TAMS 0x0000000086f00000, 0x0000000086f00000| Untracked 
|  44|0x0000000087000000, 0x0000000087000000, 0x0000000087100000|  0%| F|  |TAMS 0x0000000087000000, 0x0000000087000000| Untracked 
|  45|0x0000000087100000, 0x0000000087100000, 0x0000000087200000|  0%| F|  |TAMS 0x0000000087100000, 0x0000000087100000| Untracked 
|  46|0x0000000087200000, 0x0000000087200000, 0x0000000087300000|  0%| F|  |TAMS 0x0000000087200000, 0x0000000087200000| Untracked 
|  47|0x0000000087300000, 0x0000000087300000, 0x0000000087400000|  0%| F|  |TAMS 0x0000000087300000, 0x0000000087300000| Untracked 
|  48|0x0000000087400000, 0x0000000087400000, 0x0000000087500000|  0%| F|  |TAMS 0x0000000087400000, 0x0000000087400000| Untracked 
|  49|0x0000000087500000, 0x0000000087500000, 0x0000000087600000|  0%| F|  |TAMS 0x0000000087500000, 0x0000000087500000| Untracked 
|  50|0x0000000087600000, 0x0000000087600000, 0x0000000087700000|  0%| F|  |TAMS 0x0000000087600000, 0x0000000087600000| Untracked 
|  51|0x0000000087700000, 0x0000000087700000, 0x0000000087800000|  0%| F|  |TAMS 0x0000000087700000, 0x0000000087700000| Untracked 
|  52|0x0000000087800000, 0x0000000087800000, 0x0000000087900000|  0%| F|  |TAMS 0x0000000087800000, 0x0000000087800000| Untracked 
|  53|0x0000000087900000, 0x0000000087900000, 0x0000000087a00000|  0%| F|  |TAMS 0x0000000087900000, 0x0000000087900000| Untracked 
|  54|0x0000000087a00000, 0x0000000087a00000, 0x0000000087b00000|  0%| F|  |TAMS 0x0000000087a00000, 0x0000000087a00000| Untracked 
|  55|0x0000000087b00000, 0x0000000087b00000, 0x0000000087c00000|  0%| F|  |TAMS 0x0000000087b00000, 0x0000000087b00000| Untracked 
|  56|0x0000000087c00000, 0x0000000087c00000, 0x0000000087d00000|  0%| F|  |TAMS 0x0000000087c00000, 0x0000000087c00000| Untracked 
|  57|0x0000000087d00000, 0x0000000087d00000, 0x0000000087e00000|  0%| F|  |TAMS 0x0000000087d00000, 0x0000000087d00000| Untracked 
|  58|0x0000000087e00000, 0x0000000087e00000, 0x0000000087f00000|  0%| F|  |TAMS 0x0000000087e00000, 0x0000000087e00000| Untracked 
|  59|0x0000000087f00000, 0x0000000087f00000, 0x0000000088000000|  0%| F|  |TAMS 0x0000000087f00000, 0x0000000087f00000| Untracked 
|  60|0x0000000088000000, 0x0000000088000000, 0x0000000088100000|  0%| F|  |TAMS 0x0000000088000000, 0x0000000088000000| Untracked 
|  61|0x0000000088100000, 0x0000000088100000, 0x0000000088200000|  0%| F|  |TAMS 0x0000000088100000, 0x0000000088100000| Untracked 
|  62|0x0000000088200000, 0x0000000088200000, 0x0000000088300000|  0%| F|  |TAMS 0x0000000088200000, 0x0000000088200000| Untracked 
|  63|0x0000000088300000, 0x0000000088300000, 0x0000000088400000|  0%| F|  |TAMS 0x0000000088300000, 0x0000000088300000| Untracked 
|  64|0x0000000088400000, 0x0000000088400000, 0x0000000088500000|  0%| F|  |TAMS 0x0000000088400000, 0x0000000088400000| Untracked 
|  65|0x0000000088500000, 0x0000000088500000, 0x0000000088600000|  0%| F|  |TAMS 0x0000000088500000, 0x0000000088500000| Untracked 
|  66|0x0000000088600000, 0x0000000088600000, 0x0000000088700000|  0%| F|  |TAMS 0x0000000088600000, 0x0000000088600000| Untracked 
|  67|0x0000000088700000, 0x0000000088700000, 0x0000000088800000|  0%| F|  |TAMS 0x0000000088700000, 0x0000000088700000| Untracked 
|  68|0x0000000088800000, 0x0000000088800000, 0x0000000088900000|  0%| F|  |TAMS 0x0000000088800000, 0x0000000088800000| Untracked 
|  69|0x0000000088900000, 0x0000000088900000, 0x0000000088a00000|  0%| F|  |TAMS 0x0000000088900000, 0x0000000088900000| Untracked 
|  70|0x0000000088a00000, 0x0000000088a00000, 0x0000000088b00000|  0%| F|  |TAMS 0x0000000088a00000, 0x0000000088a00000| Untracked 
|  71|0x0000000088b00000, 0x0000000088b00000, 0x0000000088c00000|  0%| F|  |TAMS 0x0000000088b00000, 0x0000000088b00000| Untracked 
|  72|0x0000000088c00000, 0x0000000088c00000, 0x0000000088d00000|  0%| F|  |TAMS 0x0000000088c00000, 0x0000000088c00000| Untracked 
|  73|0x0000000088d00000, 0x0000000088d00000, 0x0000000088e00000|  0%| F|  |TAMS 0x0000000088d00000, 0x0000000088d00000| Untracked 
|  74|0x0000000088e00000, 0x0000000088e00000, 0x0000000088f00000|  0%| F|  |TAMS 0x0000000088e00000, 0x0000000088e00000| Untracked 
|  75|0x0000000088f00000, 0x0000000088f00000, 0x0000000089000000|  0%| F|  |TAMS 0x0000000088f00000, 0x0000000088f00000| Untracked 
|  76|0x0000000089000000, 0x0000000089000000, 0x0000000089100000|  0%| F|  |TAMS 0x0000000089000000, 0x0000000089000000| Untracked 
|  77|0x0000000089100000, 0x0000000089100000, 0x0000000089200000|  0%| F|  |TAMS 0x0000000089100000, 0x0000000089100000| Untracked 
|  78|0x0000000089200000, 0x0000000089200000, 0x0000000089300000|  0%| F|  |TAMS 0x0000000089200000, 0x0000000089200000| Untracked 
|  79|0x0000000089300000, 0x0000000089300000, 0x0000000089400000|  0%| F|  |TAMS 0x0000000089300000, 0x0000000089300000| Untracked 
|  80|0x0000000089400000, 0x0000000089400000, 0x0000000089500000|  0%| F|  |TAMS 0x0000000089400000, 0x0000000089400000| Untracked 
|  81|0x0000000089500000, 0x0000000089500000, 0x0000000089600000|  0%| F|  |TAMS 0x0000000089500000, 0x0000000089500000| Untracked 
|  82|0x0000000089600000, 0x0000000089600000, 0x0000000089700000|  0%| F|  |TAMS 0x0000000089600000, 0x0000000089600000| Untracked 
|  83|0x0000000089700000, 0x0000000089700000, 0x0000000089800000|  0%| F|  |TAMS 0x0000000089700000, 0x0000000089700000| Untracked 
|  84|0x0000000089800000, 0x0000000089800000, 0x0000000089900000|  0%| F|  |TAMS 0x0000000089800000, 0x0000000089800000| Untracked 
|  85|0x0000000089900000, 0x0000000089900000, 0x0000000089a00000|  0%| F|  |TAMS 0x0000000089900000, 0x0000000089900000| Untracked 
|  86|0x0000000089a00000, 0x0000000089a00000, 0x0000000089b00000|  0%| F|  |TAMS 0x0000000089a00000, 0x0000000089a00000| Untracked 
|  87|0x0000000089b00000, 0x0000000089b00000, 0x0000000089c00000|  0%| F|  |TAMS 0x0000000089b00000, 0x0000000089b00000| Untracked 
|  88|0x0000000089c00000, 0x0000000089c00000, 0x0000000089d00000|  0%| F|  |TAMS 0x0000000089c00000, 0x0000000089c00000| Untracked 
|  89|0x0000000089d00000, 0x0000000089d00000, 0x0000000089e00000|  0%| F|  |TAMS 0x0000000089d00000, 0x0000000089d00000| Untracked 
|  90|0x0000000089e00000, 0x0000000089e00000, 0x0000000089f00000|  0%| F|  |TAMS 0x0000000089e00000, 0x0000000089e00000| Untracked 
|  91|0x0000000089f00000, 0x0000000089f00000, 0x000000008a000000|  0%| F|  |TAMS 0x0000000089f00000, 0x0000000089f00000| Untracked 
|  92|0x000000008a000000, 0x000000008a000000, 0x000000008a100000|  0%| F|  |TAMS 0x000000008a000000, 0x000000008a000000| Untracked 
|  93|0x000000008a100000, 0x000000008a100000, 0x000000008a200000|  0%| F|  |TAMS 0x000000008a100000, 0x000000008a100000| Untracked 
|  94|0x000000008a200000, 0x000000008a200000, 0x000000008a300000|  0%| F|  |TAMS 0x000000008a200000, 0x000000008a200000| Untracked 
|  95|0x000000008a300000, 0x000000008a300000, 0x000000008a400000|  0%| F|  |TAMS 0x000000008a300000, 0x000000008a300000| Untracked 
|  96|0x000000008a400000, 0x000000008a400000, 0x000000008a500000|  0%| F|  |TAMS 0x000000008a400000, 0x000000008a400000| Untracked 
|  97|0x000000008a500000, 0x000000008a500000, 0x000000008a600000|  0%| F|  |TAMS 0x000000008a500000, 0x000000008a500000| Untracked 
|  98|0x000000008a600000, 0x000000008a694780, 0x000000008a700000| 57%| S|CS|TAMS 0x000000008a600000, 0x000000008a600000| Complete 
|  99|0x000000008a700000, 0x000000008a800000, 0x000000008a800000|100%| S|CS|TAMS 0x000000008a700000, 0x000000008a700000| Complete 
| 100|0x000000008a800000, 0x000000008a900000, 0x000000008a900000|100%| S|CS|TAMS 0x000000008a800000, 0x000000008a800000| Complete 
| 101|0x000000008a900000, 0x000000008a900000, 0x000000008aa00000|  0%| F|  |TAMS 0x000000008a900000, 0x000000008a900000| Untracked 
| 102|0x000000008aa00000, 0x000000008aa00000, 0x000000008ab00000|  0%| F|  |TAMS 0x000000008aa00000, 0x000000008aa00000| Untracked 
| 103|0x000000008ab00000, 0x000000008ab00000, 0x000000008ac00000|  0%| F|  |TAMS 0x000000008ab00000, 0x000000008ab00000| Untracked 
| 104|0x000000008ac00000, 0x000000008ac00000, 0x000000008ad00000|  0%| F|  |TAMS 0x000000008ac00000, 0x000000008ac00000| Untracked 
| 105|0x000000008ad00000, 0x000000008ad00000, 0x000000008ae00000|  0%| F|  |TAMS 0x000000008ad00000, 0x000000008ad00000| Untracked 
| 106|0x000000008ae00000, 0x000000008aecfdd8, 0x000000008af00000| 81%| E|  |TAMS 0x000000008ae00000, 0x000000008ae00000| Complete 
| 107|0x000000008af00000, 0x000000008b000000, 0x000000008b000000|100%| E|CS|TAMS 0x000000008af00000, 0x000000008af00000| Complete 
| 108|0x000000008b000000, 0x000000008b100000, 0x000000008b100000|100%| E|CS|TAMS 0x000000008b000000, 0x000000008b000000| Complete 
| 109|0x000000008b100000, 0x000000008b200000, 0x000000008b200000|100%| E|CS|TAMS 0x000000008b100000, 0x000000008b100000| Complete 
| 110|0x000000008b200000, 0x000000008b300000, 0x000000008b300000|100%| E|CS|TAMS 0x000000008b200000, 0x000000008b200000| Complete 
| 111|0x000000008b300000, 0x000000008b400000, 0x000000008b400000|100%| E|CS|TAMS 0x000000008b300000, 0x000000008b300000| Complete 
| 112|0x000000008b400000, 0x000000008b500000, 0x000000008b500000|100%| E|CS|TAMS 0x000000008b400000, 0x000000008b400000| Complete 
| 113|0x000000008b500000, 0x000000008b600000, 0x000000008b600000|100%| E|CS|TAMS 0x000000008b500000, 0x000000008b500000| Complete 
| 114|0x000000008b600000, 0x000000008b700000, 0x000000008b700000|100%| E|CS|TAMS 0x000000008b600000, 0x000000008b600000| Complete 
| 115|0x000000008b700000, 0x000000008b800000, 0x000000008b800000|100%| E|CS|TAMS 0x000000008b700000, 0x000000008b700000| Complete 
| 116|0x000000008b800000, 0x000000008b900000, 0x000000008b900000|100%| E|CS|TAMS 0x000000008b800000, 0x000000008b800000| Complete 
| 117|0x000000008b900000, 0x000000008ba00000, 0x000000008ba00000|100%| E|CS|TAMS 0x000000008b900000, 0x000000008b900000| Complete 
| 118|0x000000008ba00000, 0x000000008bb00000, 0x000000008bb00000|100%| E|CS|TAMS 0x000000008ba00000, 0x000000008ba00000| Complete 
| 119|0x000000008bb00000, 0x000000008bc00000, 0x000000008bc00000|100%| E|CS|TAMS 0x000000008bb00000, 0x000000008bb00000| Complete 
| 120|0x000000008bc00000, 0x000000008bd00000, 0x000000008bd00000|100%| E|CS|TAMS 0x000000008bc00000, 0x000000008bc00000| Complete 
| 121|0x000000008bd00000, 0x000000008be00000, 0x000000008be00000|100%| E|CS|TAMS 0x000000008bd00000, 0x000000008bd00000| Complete 
| 122|0x000000008be00000, 0x000000008bf00000, 0x000000008bf00000|100%| E|CS|TAMS 0x000000008be00000, 0x000000008be00000| Complete 
| 123|0x000000008bf00000, 0x000000008c000000, 0x000000008c000000|100%| E|CS|TAMS 0x000000008bf00000, 0x000000008bf00000| Complete 

Card table byte_map: [0x000001fd2e240000,0x000001fd2e620000] _byte_map_base: 0x000001fd2de1e000

Marking Bits (Prev, Next): (CMBitMap*) 0x000001fd1b155690, (CMBitMap*) 0x000001fd1b1556d0
 Prev Bits: [0x000001fd2ea00000, 0x000001fd308f0000)
 Next Bits: [0x000001fd308f0000, 0x000001fd327e0000)

Polling page: 0x000001fd19070000

Metaspace:

Usage:
  Non-class:     13.21 MB capacity,    13.11 MB (>99%) used,    85.34 KB ( <1%) free+waste,    15.06 KB ( <1%) overhead. 
      Class:      1.50 MB capacity,     1.42 MB ( 95%) used,    72.86 KB (  5%) free+waste,     5.44 KB ( <1%) overhead. 
       Both:     14.70 MB capacity,    14.53 MB ( 99%) used,   158.20 KB (  1%) free+waste,    20.50 KB ( <1%) overhead. 

Virtual space:
  Non-class space:       14.00 MB reserved,      13.25 MB ( 95%) committed 
      Class space:        1.00 GB reserved,       1.50 MB ( <1%) committed 
             Both:        1.01 GB reserved,      14.75 MB (  1%) committed 

Chunk freelists:
   Non-Class:  46.00 KB
       Class:  2.00 KB
        Both:  48.00 KB

MaxMetaspaceSize: 17179869184.00 GB
CompressedClassSpaceSize: 1.00 GB

CodeHeap 'non-profiled nmethods': size=120000Kb used=551Kb max_used=551Kb free=119448Kb
 bounds [0x000001fd26600000, 0x000001fd26870000, 0x000001fd2db30000]
CodeHeap 'profiled nmethods': size=120000Kb used=3027Kb max_used=3027Kb free=116972Kb
 bounds [0x000001fd1f0d0000, 0x000001fd1f3d0000, 0x000001fd26600000]
CodeHeap 'non-nmethods': size=5760Kb used=1259Kb max_used=1287Kb free=4500Kb
 bounds [0x000001fd1eb30000, 0x000001fd1eda0000, 0x000001fd1f0d0000]
 total_blobs=1942 nmethods=1522 adapters=333
 compilation: enabled
              stopped_count=0, restarted_count=0
 full_count=0

Compilation events (20 events):
Event: 1.034 Thread 0x000001fd35aa2360 1514       4       jdk.internal.misc.Unsafe::allocateUninitializedArray (55 bytes)
Event: 1.035 Thread 0x000001fd35aa2360 nmethod 1514 0x000001fd26689190 code [0x000001fd26689320, 0x000001fd266894b8]
Event: 1.035 Thread 0x000001fd35aa3730 1515   !   3       java.lang.ClassLoader::addClass (27 bytes)
Event: 1.036 Thread 0x000001fd35aa3730 nmethod 1515 0x000001fd1f3c2390 code [0x000001fd1f3c2580, 0x000001fd1f3c2b88]
Event: 1.036 Thread 0x000001fd35aa3730 1516       3       java.util.ArrayList$ArrayListSpliterator::getFence (35 bytes)
Event: 1.036 Thread 0x000001fd35aa3730 nmethod 1516 0x000001fd1f3c2f10 code [0x000001fd1f3c30a0, 0x000001fd1f3c31f8]
Event: 1.039 Thread 0x000001fd35aa3730 1517       3       java.util.Collections$UnmodifiableCollection::toArray (10 bytes)
Event: 1.039 Thread 0x000001fd35aa3730 nmethod 1517 0x000001fd1f3c3290 code [0x000001fd1f3c3440, 0x000001fd1f3c3608]
Event: 1.040 Thread 0x000001fd35aa3730 1518       3       java.util.regex.Pattern::isSupplementary (21 bytes)
Event: 1.040 Thread 0x000001fd362c80d0 1521       4       java.lang.String::isLatin1 (19 bytes)
Event: 1.040 Thread 0x000001fd35aa3730 nmethod 1518 0x000001fd1f3c3710 code [0x000001fd1f3c38c0, 0x000001fd1f3c3b38]
Event: 1.040 Thread 0x000001fd35aa3730 1519       3       java.lang.Character::isSurrogate (18 bytes)
Event: 1.040 Thread 0x000001fd35aa3730 nmethod 1519 0x000001fd1f3c3c10 code [0x000001fd1f3c3da0, 0x000001fd1f3c3f18]
Event: 1.040 Thread 0x000001fd35aa3730 1520       3       java.lang.String::codePointAt (50 bytes)
Event: 1.040 Thread 0x000001fd362c80d0 nmethod 1521 0x000001fd26689610 code [0x000001fd26689780, 0x000001fd266897f8]
Event: 1.040 Thread 0x000001fd35aa3730 nmethod 1520 0x000001fd1f3c3f90 code [0x000001fd1f3c4160, 0x000001fd1f3c44e8]
Event: 1.041 Thread 0x000001fd35aa3730 1522       3       java.lang.Module::allows (60 bytes)
Event: 1.041 Thread 0x000001fd35aa3730 nmethod 1522 0x000001fd1f3c4690 code [0x000001fd1f3c4880, 0x000001fd1f3c4e68]
Event: 1702.090 Thread 0x000001fd35aa3730 1524       3       org.eclipse.jdt.launching.internal.org.objectweb.asm.ClassWriter::<init> (68 bytes)
Event: 1702.097 Thread 0x000001fd35aa3730 


GC Heap History (2 events):
Event: 0.773 GC heap before
{Heap before GC invocations=0 (full 0):
 garbage-first heap   total 126976K, used 22528K [0x0000000084400000, 0x0000000100000000)
  region size 1024K, 23 young (23552K), 0 survivors (0K)
 Metaspace       used 12820K, capacity 12926K, committed 13056K, reserved 1060864K
  class space    used 1162K, capacity 1191K, committed 1280K, reserved 1048576K
}
Event: 0.777 GC heap after
{Heap after GC invocations=1 (full 0):
 garbage-first heap   total 126976K, used 2641K [0x0000000084400000, 0x0000000100000000)
  region size 1024K, 3 young (3072K), 3 survivors (3072K)
 Metaspace       used 12820K, capacity 12926K, committed 13056K, reserved 1060864K
  class space    used 1162K, capacity 1191K, committed 1280K, reserved 1048576K
}

Deoptimization events (20 events):
Event: 0.959 Thread 0x000001fd1b1146f0 DEOPT PACKING pc=0x000001fd1f2ab092 sp=0x000000667d1fc5a0
Event: 0.959 Thread 0x000001fd1b1146f0 DEOPT UNPACKING pc=0x000001fd1eb7f6cf sp=0x000000667d1fba30 mode 0
Event: 0.966 Thread 0x000001fd1b1146f0 DEOPT PACKING pc=0x000001fd1f2ab092 sp=0x000000667d1fae50
Event: 0.966 Thread 0x000001fd1b1146f0 DEOPT UNPACKING pc=0x000001fd1eb7f6cf sp=0x000000667d1fa2e0 mode 0
Event: 1.027 Thread 0x000001fd1b1146f0 Uncommon trap: trap_request=0xffffffde fr.pc=0x000001fd26688840 relative=0x0000000000000120
Event: 1.027 Thread 0x000001fd1b1146f0 Uncommon trap: reason=class_check action=maybe_recompile pc=0x000001fd26688840 method=jdk.internal.misc.Unsafe.allocateUninitializedArray(Ljava/lang/Class;I)Ljava/lang/Object; @ 51 c2
Event: 1.027 Thread 0x000001fd1b1146f0 DEOPT PACKING pc=0x000001fd26688840 sp=0x000000667d1fc4f0
Event: 1.027 Thread 0x000001fd1b1146f0 DEOPT UNPACKING pc=0x000001fd1eb3852f sp=0x000000667d1fc478 mode 2
Event: 1.027 Thread 0x000001fd1b1146f0 Uncommon trap: trap_request=0xffffffde fr.pc=0x000001fd26688840 relative=0x0000000000000120
Event: 1.027 Thread 0x000001fd1b1146f0 Uncommon trap: reason=class_check action=maybe_recompile pc=0x000001fd26688840 method=jdk.internal.misc.Unsafe.allocateUninitializedArray(Ljava/lang/Class;I)Ljava/lang/Object; @ 51 c2
Event: 1.027 Thread 0x000001fd1b1146f0 DEOPT PACKING pc=0x000001fd26688840 sp=0x000000667d1fc2a0
Event: 1.027 Thread 0x000001fd1b1146f0 DEOPT UNPACKING pc=0x000001fd1eb3852f sp=0x000000667d1fc228 mode 2
Event: 1.027 Thread 0x000001fd1b1146f0 Uncommon trap: trap_request=0xffffffde fr.pc=0x000001fd26688840 relative=0x0000000000000120
Event: 1.027 Thread 0x000001fd1b1146f0 Uncommon trap: reason=class_check action=maybe_recompile pc=0x000001fd26688840 method=jdk.internal.misc.Unsafe.allocateUninitializedArray(Ljava/lang/Class;I)Ljava/lang/Object; @ 51 c2
Event: 1.027 Thread 0x000001fd1b1146f0 DEOPT PACKING pc=0x000001fd26688840 sp=0x000000667d1fc2a0
Event: 1.027 Thread 0x000001fd1b1146f0 DEOPT UNPACKING pc=0x000001fd1eb3852f sp=0x000000667d1fc228 mode 2
Event: 1.027 Thread 0x000001fd1b1146f0 Uncommon trap: trap_request=0xffffffde fr.pc=0x000001fd26688840 relative=0x0000000000000120
Event: 1.027 Thread 0x000001fd1b1146f0 Uncommon trap: reason=class_check action=maybe_recompile pc=0x000001fd26688840 method=jdk.internal.misc.Unsafe.allocateUninitializedArray(Ljava/lang/Class;I)Ljava/lang/Object; @ 51 c2
Event: 1.027 Thread 0x000001fd1b1146f0 DEOPT PACKING pc=0x000001fd26688840 sp=0x000000667d1fc480
Event: 1.027 Thread 0x000001fd1b1146f0 DEOPT UNPACKING pc=0x000001fd1eb3852f sp=0x000000667d1fc408 mode 2

Classes unloaded (0 events):
No events

Classes redefined (3 events):
Event: 98.770 Thread 0x000001fd3523bbb0 redefined class name=trigonometry.TrigonometryJunit, count=1
Event: 1557.155 Thread 0x000001fd3523bbb0 redefined class name=trigonometry.TrigonometryJunit, count=2
Event: 1702.093 Thread 0x000001fd3523bbb0 redefined class name=trigonometry.TrigonometryJunit, count=3

Internal exceptions (20 events):
Event: 0.816 Thread 0x000001fd1b1146f0 Exception <a 'java/lang/NoSuchMethodError'{0x000000008bc025f8}: 'java.lang.Object java.lang.invoke.DirectMethodHandle$Holder.invokeSpecialIFC(java.lang.Object, java.lang.Object, java.lang.Object, java.lang.Object)'> (0x000000008bc025f8) 
thrown [./open/src/hotspot/share/interpreter/linkResolver.cpp, line 782]
Event: 0.831 Thread 0x000001fd1b1146f0 Exception <a 'java/lang/NoSuchMethodError'{0x000000008bca8398}: 'void java.lang.invoke.DirectMethodHandle$Holder.invokeInterface(java.lang.Object, java.lang.Object, java.lang.Object)'> (0x000000008bca8398) 
thrown [./open/src/hotspot/share/interpreter/linkResolver.cpp, line 782]
Event: 0.840 Thread 0x000001fd1b1146f0 Exception <a 'java/lang/NoSuchMethodError'{0x000000008bb37538}: 'java.lang.Object java.lang.invoke.DirectMethodHandle$Holder.newInvokeSpecial(java.lang.Object, java.lang.Object, java.lang.Object, java.lang.Object, java.lang.Object, java.lang.Object)'> (0x000000008bb37538) 
thrown [./open/src/hotspot/share/interpreter/linkResolver.cpp, line 782]
Event: 0.849 Thread 0x000001fd1b1146f0 Exception <a 'java/lang/NoSuchMethodError'{0x000000008bbdb480}: 'void java.lang.invoke.DirectMethodHandle$Holder.invokeInterface(java.lang.Object, java.lang.Object, java.lang.Object, java.lang.Object, java.lang.Object)'> (0x000000008bbdb480) 
thrown [./open/src/hotspot/share/interpreter/linkResolver.cpp, line 782]
Event: 0.849 Thread 0x000001fd1b1146f0 Exception <a 'java/lang/IncompatibleClassChangeError'{0x000000008bbdf350}: Found class java.lang.Object, but interface was expected> (0x000000008bbdf350) 
thrown [./open/src/hotspot/share/interpreter/linkResolver.cpp, line 848]
Event: 0.862 Thread 0x000001fd1b1146f0 Exception <a 'java/lang/IncompatibleClassChangeError'{0x000000008ba474e8}: Found class java.lang.Object, but interface was expected> (0x000000008ba474e8) 
thrown [./open/src/hotspot/share/interpreter/linkResolver.cpp, line 848]
Event: 0.867 Thread 0x000001fd1b1146f0 Exception <a 'java/lang/NoSuchMethodError'{0x000000008ba83130}: 'void java.lang.invoke.DirectMethodHandle$Holder.invokeSpecial(java.lang.Object, java.lang.Object, java.lang.Object, java.lang.Object, java.lang.Object)'> (0x000000008ba83130) 
thrown [./open/src/hotspot/share/interpreter/linkResolver.cpp, line 782]
Event: 0.921 Thread 0x000001fd1b1146f0 Exception <a 'java/lang/NoSuchMethodError'{0x000000008b6b3a60}: 'java.lang.Object java.lang.invoke.DirectMethodHandle$Holder.invokeVirtual(java.lang.Object, java.lang.Object, java.lang.Object)'> (0x000000008b6b3a60) 
thrown [./open/src/hotspot/share/interpreter/linkResolver.cpp, line 782]
Event: 0.931 Thread 0x000001fd1b1146f0 Exception <a 'java/lang/NoSuchMethodError'{0x000000008b5372a0}: 'void java.lang.invoke.DirectMethodHandle$Holder.invokeInterface(java.lang.Object, java.lang.Object, java.lang.Object, java.lang.Object)'> (0x000000008b5372a0) 
thrown [./open/src/hotspot/share/interpreter/linkResolver.cpp, line 782]
Event: 0.931 Thread 0x000001fd1b1146f0 Exception <a 'java/lang/IncompatibleClassChangeError'{0x000000008b53adc8}: Found class java.lang.Object, but interface was expected> (0x000000008b53adc8) 
thrown [./open/src/hotspot/share/interpreter/linkResolver.cpp, line 848]
Event: 0.934 Thread 0x000001fd1b1146f0 Exception <a 'java/lang/NoSuchMethodError'{0x000000008b562378}: 'void java.lang.invoke.DirectMethodHandle$Holder.invokeStatic(java.lang.Object, java.lang.Object, java.lang.Object, java.lang.Object)'> (0x000000008b562378) 
thrown [./open/src/hotspot/share/interpreter/linkResolver.cpp, line 782]
Event: 0.945 Thread 0x000001fd1b1146f0 Exception <a 'java/lang/NoSuchMethodError'{0x000000008b448798}: 'int java.lang.invoke.DirectMethodHandle$Holder.invokeStatic(java.lang.Object, java.lang.Object, java.lang.Object, java.lang.Object)'> (0x000000008b448798) 
thrown [./open/src/hotspot/share/interpreter/linkResolver.cpp, line 782]
Event: 0.945 Thread 0x000001fd1b1146f0 Exception <a 'java/lang/NoSuchMethodError'{0x000000008b44c2f0}: 'java.lang.Object java.lang.invoke.Invokers$Holder.invokeExact_MT(java.lang.Object, java.lang.Object, java.lang.Object, java.lang.Object, java.lang.Object, java.lang.Object)'> (0x000000008b44c2f0) 
thrown [./open/src/hotspot/share/interpreter/linkResolver.cpp, line 782]
Event: 0.947 Thread 0x000001fd1b1146f0 Exception <a 'java/lang/NoSuchMethodError'{0x000000008b45d208}: 'int java.lang.invoke.DirectMethodHandle$Holder.invokeStatic(java.lang.Object, java.lang.Object, java.lang.Object, java.lang.Object, java.lang.Object)'> (0x000000008b45d208) 
thrown [./open/src/hotspot/share/interpreter/linkResolver.cpp, line 782]
Event: 0.990 Thread 0x000001fd1b1146f0 Exception <a 'java/lang/NoSuchMethodError'{0x000000008b1b65b8}: 'int java.lang.invoke.DirectMethodHandle$Holder.invokeStaticInit(java.lang.Object, java.lang.Object, java.lang.Object)'> (0x000000008b1b65b8) 
thrown [./open/src/hotspot/share/interpreter/linkResolver.cpp, line 782]
Event: 1.021 Thread 0x000001fd1b1146f0 Exception <a 'java/lang/NoSuchMethodError'{0x000000008b0f1f88}: 'java.lang.Object java.lang.invoke.DirectMethodHandle$Holder.newInvokeSpecial(java.lang.Object, java.lang.Object, java.lang.Object, java.lang.Object, java.lang.Object, java.lang.Object, java.lang.Object)'> (0x000000008b0f1f88) 
thrown [./open/src/hotspot/share/interpreter/linkResolver.cpp, line 782]
Event: 1.021 Thread 0x000001fd1b1146f0 Exception <a 'java/lang/NoSuchMethodError'{0x000000008b0f6d40}: 'java.lang.Object java.lang.invoke.Invokers$Holder.linkToTargetMethod(java.lang.Object, java.lang.Object, java.lang.Object, java.lang.Object, java.lang.Object, java.lang.Object, java.lang.Object)'> (0x000000008b0f6d40) 
thrown [./open/src/hotspot/share/interpreter/linkResolver.cpp, line 782]
Event: 1.022 Thread 0x000001fd1b1146f0 Exception <a 'java/lang/NoSuchMethodError'{0x000000008af02ed0}: 'java.lang.Object java.lang.invoke.DirectMethodHandle$Holder.invokeInterface(java.lang.Object, java.lang.Object, java.lang.Object, java.lang.Object, java.lang.Object)'> (0x000000008af02ed0) 
thrown [./open/src/hotspot/share/interpreter/linkResolver.cpp, line 782]
Event: 1.022 Thread 0x000001fd1b1146f0 Exception <a 'java/lang/IncompatibleClassChangeError'{0x000000008af06ec8}: Found class java.lang.Object, but interface was expected> (0x000000008af06ec8) 
thrown [./open/src/hotspot/share/interpreter/linkResolver.cpp, line 848]
Event: 1721.683 Thread 0x000001fd35d64230 Exception <a 'java/lang/LinkageError'{0x000000008ae8fcb8}> (0x000000008ae8fcb8) 
thrown [./open/src/hotspot/share/oops/generateOopMap.cpp, line 2137]

Events (20 events):
Event: 1711.343 Executing VM operation: get/set locals
Event: 1711.343 Executing VM operation: get/set locals done
Event: 1711.343 Executing VM operation: GetFrameLocation
Event: 1711.343 Executing VM operation: GetFrameLocation done
Event: 1711.343 Executing VM operation: get/set locals
Event: 1711.344 Executing VM operation: get/set locals done
Event: 1711.344 Executing VM operation: GetFrameLocation
Event: 1711.344 Executing VM operation: GetFrameLocation done
Event: 1711.344 Executing VM operation: get/set locals
Event: 1711.344 Executing VM operation: get/set locals done
Event: 1711.344 Executing VM operation: GetFrameLocation
Event: 1711.344 Executing VM operation: GetFrameLocation done
Event: 1711.345 Executing VM operation: get/set locals
Event: 1711.345 Executing VM operation: get/set locals done
Event: 1711.345 Executing VM operation: GetFrameLocation
Event: 1711.345 Executing VM operation: GetFrameLocation done
Event: 1711.345 Executing VM operation: get/set locals
Event: 1711.345 Executing VM operation: get/set locals done
Event: 1721.682 Executing VM operation: GetFrameLocation
Event: 1721.683 Executing VM operation: GetFrameLocation done


Dynamic libraries:
0x00007ff683d40000 - 0x00007ff683d4d000 	C:\Users\patel\.p2\pool\plugins\org.eclipse.justj.openjdk.hotspot.jre.full.win32.x86_64_15.0.2.v20210201-0955\jre\bin\javaw.exe
0x00007ffea24b0000 - 0x00007ffea26a5000 	C:\Windows\SYSTEM32\ntdll.dll
0x00007ffea23b0000 - 0x00007ffea246d000 	C:\Windows\System32\KERNEL32.DLL
0x00007ffe9fe30000 - 0x00007ffea00f9000 	C:\Windows\System32\KERNELBASE.dll
0x00007ffea0100000 - 0x00007ffea0200000 	C:\Windows\System32\ucrtbase.dll
0x00007ffe909c0000 - 0x00007ffe909d9000 	C:\Users\patel\.p2\pool\plugins\org.eclipse.justj.openjdk.hotspot.jre.full.win32.x86_64_15.0.2.v20210201-0955\jre\bin\VCRUNTIME140.dll
0x00007ffe88450000 - 0x00007ffe88468000 	C:\Users\patel\.p2\pool\plugins\org.eclipse.justj.openjdk.hotspot.jre.full.win32.x86_64_15.0.2.v20210201-0955\jre\bin\jli.dll
0x00007ffea21a0000 - 0x00007ffea2340000 	C:\Windows\System32\USER32.dll
0x00007ffe9fe00000 - 0x00007ffe9fe22000 	C:\Windows\System32\win32u.dll
0x00007ffea1e00000 - 0x00007ffea1e2a000 	C:\Windows\System32\GDI32.dll
0x00007ffe88e90000 - 0x00007ffe8912a000 	C:\Windows\WinSxS\amd64_microsoft.windows.common-controls_6595b64144ccf1df_6.0.19041.844_none_ca00b6081b84eb1d\COMCTL32.dll
0x00007ffea0370000 - 0x00007ffea047b000 	C:\Windows\System32\gdi32full.dll
0x00007ffea1480000 - 0x00007ffea151e000 	C:\Windows\System32\msvcrt.dll
0x00007ffea0200000 - 0x00007ffea029d000 	C:\Windows\System32\msvcp_win.dll
0x00007ffea0cf0000 - 0x00007ffea0d20000 	C:\Windows\System32\IMM32.DLL
0x00007ffe885a0000 - 0x00007ffe885ac000 	C:\Users\patel\.p2\pool\plugins\org.eclipse.justj.openjdk.hotspot.jre.full.win32.x86_64_15.0.2.v20210201-0955\jre\bin\vcruntime140_1.dll
0x00007ffe769d0000 - 0x00007ffe76a61000 	C:\Users\patel\.p2\pool\plugins\org.eclipse.justj.openjdk.hotspot.jre.full.win32.x86_64_15.0.2.v20210201-0955\jre\bin\msvcp140.dll
0x00007ffe3c290000 - 0x00007ffe3cdee000 	C:\Users\patel\.p2\pool\plugins\org.eclipse.justj.openjdk.hotspot.jre.full.win32.x86_64_15.0.2.v20210201-0955\jre\bin\server\jvm.dll
0x00007ffea0c40000 - 0x00007ffea0cec000 	C:\Windows\System32\ADVAPI32.dll
0x00007ffea12b0000 - 0x00007ffea134c000 	C:\Windows\System32\sechost.dll
0x00007ffea0940000 - 0x00007ffea0a6b000 	C:\Windows\System32\RPCRT4.dll
0x00007ffea1e30000 - 0x00007ffea1e38000 	C:\Windows\System32\PSAPI.DLL
0x00007ffe9da90000 - 0x00007ffe9dab7000 	C:\Windows\SYSTEM32\WINMM.dll
0x00007ffe95050000 - 0x00007ffe9505a000 	C:\Windows\SYSTEM32\VERSION.dll
0x00007ffe9aa30000 - 0x00007ffe9aa39000 	C:\Windows\SYSTEM32\WSOCK32.dll
0x00007ffea06a0000 - 0x00007ffea070b000 	C:\Windows\System32\WS2_32.dll
0x00007ffe9e4d0000 - 0x00007ffe9e4e2000 	C:\Windows\SYSTEM32\kernel.appcore.dll
0x00007ffe9ac60000 - 0x00007ffe9ac6a000 	C:\Users\patel\.p2\pool\plugins\org.eclipse.justj.openjdk.hotspot.jre.full.win32.x86_64_15.0.2.v20210201-0955\jre\bin\jimage.dll
0x00007ffe9d8a0000 - 0x00007ffe9da84000 	C:\Windows\SYSTEM32\DBGHELP.DLL
0x00007ffe9dac0000 - 0x00007ffe9daec000 	C:\Windows\SYSTEM32\dbgcore.DLL
0x00007ffea02f0000 - 0x00007ffea0370000 	C:\Windows\System32\bcryptPrimitives.dll
0x00007ffe87a90000 - 0x00007ffe87ac9000 	C:\Users\patel\.p2\pool\plugins\org.eclipse.justj.openjdk.hotspot.jre.full.win32.x86_64_15.0.2.v20210201-0955\jre\bin\jdwp.dll
0x00007ffe88130000 - 0x00007ffe8813e000 	C:\Users\patel\.p2\pool\plugins\org.eclipse.justj.openjdk.hotspot.jre.full.win32.x86_64_15.0.2.v20210201-0955\jre\bin\instrument.dll
0x00007ffe880c0000 - 0x00007ffe880e5000 	C:\Users\patel\.p2\pool\plugins\org.eclipse.justj.openjdk.hotspot.jre.full.win32.x86_64_15.0.2.v20210201-0955\jre\bin\java.dll
0x00007ffe88060000 - 0x00007ffe88078000 	C:\Users\patel\.p2\pool\plugins\org.eclipse.justj.openjdk.hotspot.jre.full.win32.x86_64_15.0.2.v20210201-0955\jre\bin\zip.dll
0x00007ffea1520000 - 0x00007ffea1c62000 	C:\Windows\System32\SHELL32.dll
0x00007ffe9dd20000 - 0x00007ffe9e4b0000 	C:\Windows\SYSTEM32\windows.storage.dll
0x00007ffea1e40000 - 0x00007ffea2195000 	C:\Windows\System32\combase.dll
0x00007ffe9f660000 - 0x00007ffe9f68c000 	C:\Windows\SYSTEM32\Wldp.dll
0x00007ffea0a70000 - 0x00007ffea0b1e000 	C:\Windows\System32\SHCORE.dll
0x00007ffea1250000 - 0x00007ffea12a5000 	C:\Windows\System32\shlwapi.dll
0x00007ffe9fb30000 - 0x00007ffe9fb4f000 	C:\Windows\SYSTEM32\profapi.dll
0x00007ffe88030000 - 0x00007ffe8803b000 	C:\Users\patel\.p2\pool\plugins\org.eclipse.justj.openjdk.hotspot.jre.full.win32.x86_64_15.0.2.v20210201-0955\jre\bin\dt_socket.dll
0x00007ffe9f080000 - 0x00007ffe9f0bb000 	C:\Windows\SYSTEM32\IPHLPAPI.DLL
0x00007ffe9f3e0000 - 0x00007ffe9f44a000 	C:\Windows\system32\mswsock.dll
0x00007ffe9f0d0000 - 0x00007ffe9f19b000 	C:\Windows\SYSTEM32\DNSAPI.dll
0x00007ffea2340000 - 0x00007ffea2348000 	C:\Windows\System32\NSI.dll
0x00007ffe95040000 - 0x00007ffe9504a000 	C:\Windows\System32\rasadhlp.dll
0x00007ffe92060000 - 0x00007ffe920df000 	C:\Windows\System32\fwpuclnt.dll
0x00007ffea0480000 - 0x00007ffea04a7000 	C:\Windows\System32\bcrypt.dll
0x00007ffe87a60000 - 0x00007ffe87a79000 	C:\Users\patel\.p2\pool\plugins\org.eclipse.justj.openjdk.hotspot.jre.full.win32.x86_64_15.0.2.v20210201-0955\jre\bin\net.dll
0x00007ffe9ad10000 - 0x00007ffe9ae1c000 	C:\Windows\SYSTEM32\WINHTTP.dll
0x00007ffe878d0000 - 0x00007ffe878e2000 	C:\Users\patel\.p2\pool\plugins\org.eclipse.justj.openjdk.hotspot.jre.full.win32.x86_64_15.0.2.v20210201-0955\jre\bin\nio.dll
0x00007ffe9aa80000 - 0x00007ffe9aa90000 	C:\Users\patel\.p2\pool\plugins\org.eclipse.justj.openjdk.hotspot.jre.full.win32.x86_64_15.0.2.v20210201-0955\jre\bin\verify.dll
0x00007ffe93dc0000 - 0x00007ffe93dd7000 	C:\Windows\SYSTEM32\dhcpcsvc6.DLL
0x00007ffe95060000 - 0x00007ffe9507d000 	C:\Windows\SYSTEM32\dhcpcsvc.DLL

dbghelp: loaded successfully - version: 4.0.5 - missing functions: none
symbol engine: initialized successfully - sym options: 0x614 - pdb path: .;C:\Users\patel\.p2\pool\plugins\org.eclipse.justj.openjdk.hotspot.jre.full.win32.x86_64_15.0.2.v20210201-0955\jre\bin;C:\Windows\SYSTEM32;C:\Windows\WinSxS\amd64_microsoft.windows.common-controls_6595b64144ccf1df_6.0.19041.844_none_ca00b6081b84eb1d;C:\Users\patel\.p2\pool\plugins\org.eclipse.justj.openjdk.hotspot.jre.full.win32.x86_64_15.0.2.v20210201-0955\jre\bin\server

VM Arguments:
jvm_args: -XX:+ShowCodeDetailsInExceptionMessages -agentlib:jdwp=transport=dt_socket,suspend=y,address=localhost:64356 -Xss16m -ea -javaagent:C:\Users\patel\eclipse\java-2020-122\eclipse\configuration\org.eclipse.osgi\220\0\.cp\lib\javaagent-shaded.jar -Dfile.encoding=Cp1252 
java_command: org.eclipse.jdt.internal.junit.runner.RemoteTestRunner -version 3 -port 64355 -testLoaderClass org.eclipse.jdt.internal.junit5.runner.JUnit5TestLoader -loaderpluginname org.eclipse.jdt.junit5.runtime -classNames trigonometry.TrigonometryJunit
java_class_path (initial): C:\Users\patel\eclipse-workspace\Trigonometry\bin;C:\Users\patel\.p2\pool\plugins\org.junit.jupiter.api_5.7.0.v20201026-1537.jar;C:\Users\patel\.p2\pool\plugins\org.junit.jupiter.engine_5.7.0.v20201026-1537.jar;C:\Users\patel\.p2\pool\plugins\org.junit.jupiter.migrationsupport_5.7.0.v20201026-1537.jar;C:\Users\patel\.p2\pool\plugins\org.junit.jupiter.params_5.7.0.v20201026-1537.jar;C:\Users\patel\.p2\pool\plugins\org.junit.platform.commons_1.7.0.v20201026-1537.jar;C:\Users\patel\.p2\pool\plugins\org.junit.platform.engine_1.7.0.v20201026-1537.jar;C:\Users\patel\.p2\pool\plugins\org.junit.platform.launcher_1.7.0.v20201026-1537.jar;C:\Users\patel\.p2\pool\plugins\org.junit.platform.runner_1.7.0.v20201026-1537.jar;C:\Users\patel\.p2\pool\plugins\org.junit.platform.suite.api_1.7.0.v20201026-1537.jar;C:\Users\patel\.p2\pool\plugins\org.junit.vintage.engine_5.7.0.v20201026-1537.jar;C:\Users\patel\.p2\pool\plugins\org.opentest4j_1.2.0.v20190826-0900.jar;C:\Users\patel\.p2\pool\plugins\org.apiguardian_1.1.0.v20190826-0900.jar;C:\Users\patel\.p2\pool\plugins\org.junit_4.13.0.v20200204-1500.jar;C:\Users\patel\.p2\pool\plugins\org.hamcrest.core_1.3.0.v20180420-1519.jar;C:\Users\patel\eclipse\java-2020-122\eclipse\configuration\org.eclipse.osgi\219\0\.cp;C:\Users\patel\eclipse\java-2020-122\eclipse\configuration\org.eclipse.osgi\217\0\.cp
Launcher Type: SUN_STANDARD

[Global flags]
     intx CICompilerCount                          = 4                                         {product} {ergonomic}
     uint ConcGCThreads                            = 2                                         {product} {ergonomic}
     uint G1ConcRefinementThreads                  = 8                                         {product} {ergonomic}
   size_t G1HeapRegionSize                         = 1048576                                   {product} {ergonomic}
    uintx GCDrainStackTargetSize                   = 64                                        {product} {ergonomic}
   size_t InitialHeapSize                          = 130023424                                 {product} {ergonomic}
   size_t MarkStackSize                            = 4194304                                   {product} {ergonomic}
   size_t MaxHeapSize                              = 2076180480                                {product} {ergonomic}
   size_t MaxNewSize                               = 1245708288                                {product} {ergonomic}
   size_t MinHeapDeltaBytes                        = 1048576                                   {product} {ergonomic}
   size_t MinHeapSize                              = 8388608                                   {product} {ergonomic}
    uintx NonNMethodCodeHeapSize                   = 5839372                                {pd product} {ergonomic}
    uintx NonProfiledCodeHeapSize                  = 122909434                              {pd product} {ergonomic}
    uintx ProfiledCodeHeapSize                     = 122909434                              {pd product} {ergonomic}
    uintx ReservedCodeCacheSize                    = 251658240                              {pd product} {ergonomic}
     bool SegmentedCodeCache                       = true                                      {product} {ergonomic}
     bool ShowCodeDetailsInExceptionMessages       = true                                   {manageable} {command line}
   size_t SoftMaxHeapSize                          = 2076180480                             {manageable} {ergonomic}
     intx ThreadStackSize                          = 16384                                  {pd product} {command line}
     bool UseCompressedClassPointers               = true                                 {lp64_product} {ergonomic}
     bool UseCompressedOops                        = true                                 {lp64_product} {ergonomic}
     bool UseG1GC                                  = true                                      {product} {ergonomic}
     bool UseLargePagesIndividualAllocation        = false                                  {pd product} {ergonomic}

Logging:
Log output configuration:
 #0: stdout all=warning uptime,level,tags
 #1: stderr all=off uptime,level,tags

Environment Variables:
PATH=C:\Users\patel\.p2\pool\plugins\org.eclipse.justj.openjdk.hotspot.jre.full.win32.x86_64_15.0.2.v20210201-0955\jre\bin;C:/Users/patel/.p2/pool/plugins/org.eclipse.justj.openjdk.hotspot.jre.full.win32.x86_64_15.0.2.v20210201-0955/jre/bin/server;C:/Users/patel/.p2/pool/plugins/org.eclipse.justj.openjdk.hotspot.jre.full.win32.x86_64_15.0.2.v20210201-0955/jre/bin;C:\Windows\system32;C:\Windows;C:\Windows\System32\Wbem;C:\Windows\System32\WindowsPowerShell\v1.0\;C:\Windows\System32\OpenSSH\;C:\Program Files\NVIDIA Corporation\NVIDIA NvDLISR;C:\Program Files\Git\cmd;C:\Users\patel\AppData\Local\Microsoft\WindowsApps;;C:\Users\patel\Desktop;
USERNAME=patel
OS=Windows_NT
PROCESSOR_IDENTIFIER=Intel64 Family 6 Model 140 Stepping 1, GenuineIntel



---------------  S Y S T E M  ---------------

OS:
 Windows 10 , 64 bit Build 19041 (10.0.19041.804)
OS uptime: 2 days 2:51 hours

CPU: total 8 (initial active 8) (4 cores per cpu, 2 threads per core) family 6 model 140 stepping 1 microcode 0x6e, cmov, cx8, fxsr, mmx, sse, sse2, sse3, ssse3, sse4.1, sse4.2, popcnt, vzeroupper, avx, avx2, aes, clmul, erms, 3dnowpref, lzcnt, ht, tsc, tscinvbit, bmi1, bmi2, adx, avx512f, avx512dq, avx512cd, avx512bw, avx512vl, avx512_vpopcntdq, avx512_vpclmulqdq, avx512_vbmi, avx512_vbmi2, avx512_vaes, avx512_vnni, sha, fma, clflush, clflushopt, clwb

Memory: 4k page, system-wide physical 7914M (1107M free)
TotalPageFile size 14826M (AvailPageFile size 3579M)
current process WorkingSet (physical memory assigned to process): 77M, peak: 85M
current process commit charge ("private bytes"): 217M, peak: 222M

vm_info: OpenJDK 64-Bit Server VM (15.0.2+7-27) for windows-amd64 JRE (15.0.2+7-27), built on Dec  7 2020 20:02:38 by "mach5one" with unknown MS VC++:1925

END.
